<?xml version="1.0" encoding="UTF-8"?>
<testsuite xmlns:xsi="http://www.w3.org/2001/XMLSchema-instance" xsi:noNamespaceSchemaLocation="https://maven.apache.org/surefire/maven-surefire-plugin/xsd/surefire-test-report-3.0.xsd" version="3.0" name="TestSuite" time="19.379" tests="2" errors="0" skipped="0" failures="0">
  <properties>
    <property name="gopherProxySet" value="false"/>
    <property name="awt.toolkit" value="sun.lwawt.macosx.LWCToolkit"/>
    <property name="file.encoding.pkg" value="sun.io"/>
    <property name="java.specification.version" value="1.8"/>
    <property name="sun.cpu.isalist" value=""/>
    <property name="sun.jnu.encoding" value="UTF-8"/>
    <property name="java.class.path" value="/Users/roshantocynthia/WebAutomationFW/target/test-classes:/Users/roshantocynthia/WebAutomationFW/target/classes:/Users/roshantocynthia/.m2/repository/com/aventstack/extentreports/3.0.6/extentreports-3.0.6.jar:/Users/roshantocynthia/.m2/repository/org/freemarker/freemarker/2.3.23/freemarker-2.3.23.jar:/Users/roshantocynthia/.m2/repository/org/mongodb/mongodb-driver/3.3.0/mongodb-driver-3.3.0.jar:/Users/roshantocynthia/.m2/repository/org/mongodb/bson/3.3.0/bson-3.3.0.jar:/Users/roshantocynthia/.m2/repository/org/mongodb/mongodb-driver-core/3.3.0/mongodb-driver-core-3.3.0.jar:/Users/roshantocynthia/.m2/repository/org/apache/httpcomponents/httpclient/4.5.2/httpclient-4.5.2.jar:/Users/roshantocynthia/.m2/repository/org/apache/httpcomponents/httpcore/4.4.4/httpcore-4.4.4.jar:/Users/roshantocynthia/.m2/repository/commons-logging/commons-logging/1.2/commons-logging-1.2.jar:/Users/roshantocynthia/.m2/repository/commons-codec/commons-codec/1.9/commons-codec-1.9.jar:/Users/roshantocynthia/.m2/repository/org/apache/httpcomponents/httpmime/4.5.2/httpmime-4.5.2.jar:/Users/roshantocynthia/.m2/repository/org/jsoup/jsoup/1.9.2/jsoup-1.9.2.jar:/Users/roshantocynthia/.m2/repository/com/relevantcodes/extentreports/2.41.2/extentreports-2.41.2.jar:/Users/roshantocynthia/.m2/repository/org/xerial/sqlite-jdbc/3.8.11.1/sqlite-jdbc-3.8.11.1.jar:/Users/roshantocynthia/.m2/repository/junit/junit/3.8.1/junit-3.8.1.jar:/Users/roshantocynthia/.m2/repository/org/seleniumhq/selenium/selenium-java/2.40.0/selenium-java-2.40.0.jar:/Users/roshantocynthia/.m2/repository/org/seleniumhq/selenium/selenium-chrome-driver/2.40.0/selenium-chrome-driver-2.40.0.jar:/Users/roshantocynthia/.m2/repository/org/seleniumhq/selenium/selenium-remote-driver/2.40.0/selenium-remote-driver-2.40.0.jar:/Users/roshantocynthia/.m2/repository/cglib/cglib-nodep/2.1_3/cglib-nodep-2.1_3.jar:/Users/roshantocynthia/.m2/repository/org/json/json/20080701/json-20080701.jar:/Users/roshantocynthia/.m2/repository/org/seleniumhq/selenium/selenium-htmlunit-driver/2.40.0/selenium-htmlunit-driver-2.40.0.jar:/Users/roshantocynthia/.m2/repository/net/sourceforge/htmlunit/htmlunit/2.13/htmlunit-2.13.jar:/Users/roshantocynthia/.m2/repository/xalan/xalan/2.7.1/xalan-2.7.1.jar:/Users/roshantocynthia/.m2/repository/xalan/serializer/2.7.1/serializer-2.7.1.jar:/Users/roshantocynthia/.m2/repository/commons-collections/commons-collections/3.2.1/commons-collections-3.2.1.jar:/Users/roshantocynthia/.m2/repository/org/apache/commons/commons-lang3/3.1/commons-lang3-3.1.jar:/Users/roshantocynthia/.m2/repository/net/sourceforge/htmlunit/htmlunit-core-js/2.13/htmlunit-core-js-2.13.jar:/Users/roshantocynthia/.m2/repository/xerces/xercesImpl/2.11.0/xercesImpl-2.11.0.jar:/Users/roshantocynthia/.m2/repository/xml-apis/xml-apis/1.4.01/xml-apis-1.4.01.jar:/Users/roshantocynthia/.m2/repository/net/sourceforge/nekohtml/nekohtml/1.9.19/nekohtml-1.9.19.jar:/Users/roshantocynthia/.m2/repository/net/sourceforge/cssparser/cssparser/0.9.11/cssparser-0.9.11.jar:/Users/roshantocynthia/.m2/repository/org/w3c/css/sac/1.3/sac-1.3.jar:/Users/roshantocynthia/.m2/repository/org/eclipse/jetty/jetty-websocket/8.1.12.v20130726/jetty-websocket-8.1.12.v20130726.jar:/Users/roshantocynthia/.m2/repository/org/eclipse/jetty/jetty-util/8.1.12.v20130726/jetty-util-8.1.12.v20130726.jar:/Users/roshantocynthia/.m2/repository/org/eclipse/jetty/jetty-io/8.1.12.v20130726/jetty-io-8.1.12.v20130726.jar:/Users/roshantocynthia/.m2/repository/org/eclipse/jetty/jetty-http/8.1.12.v20130726/jetty-http-8.1.12.v20130726.jar:/Users/roshantocynthia/.m2/repository/org/seleniumhq/selenium/selenium-firefox-driver/2.40.0/selenium-firefox-driver-2.40.0.jar:/Users/roshantocynthia/.m2/repository/commons-io/commons-io/2.2/commons-io-2.2.jar:/Users/roshantocynthia/.m2/repository/org/apache/commons/commons-exec/1.1/commons-exec-1.1.jar:/Users/roshantocynthia/.m2/repository/org/seleniumhq/selenium/selenium-ie-driver/2.40.0/selenium-ie-driver-2.40.0.jar:/Users/roshantocynthia/.m2/repository/net/java/dev/jna/jna/3.4.0/jna-3.4.0.jar:/Users/roshantocynthia/.m2/repository/net/java/dev/jna/platform/3.4.0/platform-3.4.0.jar:/Users/roshantocynthia/.m2/repository/org/seleniumhq/selenium/selenium-safari-driver/2.40.0/selenium-safari-driver-2.40.0.jar:/Users/roshantocynthia/.m2/repository/org/seleniumhq/selenium/selenium-support/2.40.0/selenium-support-2.40.0.jar:/Users/roshantocynthia/.m2/repository/org/seleniumhq/selenium/selenium-api/2.40.0/selenium-api-2.40.0.jar:/Users/roshantocynthia/.m2/repository/org/webbitserver/webbit/0.4.14/webbit-0.4.14.jar:/Users/roshantocynthia/.m2/repository/io/netty/netty/3.5.2.Final/netty-3.5.2.Final.jar:/Users/roshantocynthia/.m2/repository/org/apache/logging/log4j/log4j-api/2.8.2/log4j-api-2.8.2.jar:/Users/roshantocynthia/.m2/repository/org/apache/logging/log4j/log4j-core/2.8.2/log4j-core-2.8.2.jar:/Users/roshantocynthia/.m2/repository/org/testng/testng/7.1.0/testng-7.1.0.jar:/Users/roshantocynthia/.m2/repository/com/beust/jcommander/1.72/jcommander-1.72.jar:/Users/roshantocynthia/.m2/repository/com/google/inject/guice/4.1.0/guice-4.1.0-no_aop.jar:/Users/roshantocynthia/.m2/repository/javax/inject/javax.inject/1/javax.inject-1.jar:/Users/roshantocynthia/.m2/repository/aopalliance/aopalliance/1.0/aopalliance-1.0.jar:/Users/roshantocynthia/.m2/repository/com/google/guava/guava/19.0/guava-19.0.jar:/Users/roshantocynthia/.m2/repository/org/yaml/snakeyaml/1.21/snakeyaml-1.21.jar:"/>
    <property name="java.vm.vendor" value="Oracle Corporation"/>
    <property name="sun.arch.data.model" value="64"/>
    <property name="java.vendor.url" value="http://java.oracle.com/"/>
    <property name="user.timezone" value="Australia/Sydney"/>
    <property name="java.vm.specification.version" value="1.8"/>
    <property name="os.name" value="Mac OS X"/>
    <property name="user.country" value="AU"/>
    <property name="sun.java.launcher" value="SUN_STANDARD"/>
    <property name="sun.boot.library.path" value="/Library/Java/JavaVirtualMachines/jdk1.8.0_151.jdk/Contents/Home/jre/lib"/>
    <property name="sun.java.command" value="/Users/roshantocynthia/WebAutomationFW/target/surefire/surefirebooter5344342797848173400.jar /Users/roshantocynthia/WebAutomationFW/target/surefire 2020-04-18T14-51-19_041-jvmRun1 surefire6148612543512708818tmp surefire_05461411950075820399tmp"/>
    <property name="http.nonProxyHosts" value="local|*.local|169.254/16|*.169.254/16"/>
    <property name="surefire.test.class.path" value="/Users/roshantocynthia/WebAutomationFW/target/test-classes:/Users/roshantocynthia/WebAutomationFW/target/classes:/Users/roshantocynthia/.m2/repository/com/aventstack/extentreports/3.0.6/extentreports-3.0.6.jar:/Users/roshantocynthia/.m2/repository/org/freemarker/freemarker/2.3.23/freemarker-2.3.23.jar:/Users/roshantocynthia/.m2/repository/org/mongodb/mongodb-driver/3.3.0/mongodb-driver-3.3.0.jar:/Users/roshantocynthia/.m2/repository/org/mongodb/bson/3.3.0/bson-3.3.0.jar:/Users/roshantocynthia/.m2/repository/org/mongodb/mongodb-driver-core/3.3.0/mongodb-driver-core-3.3.0.jar:/Users/roshantocynthia/.m2/repository/org/apache/httpcomponents/httpclient/4.5.2/httpclient-4.5.2.jar:/Users/roshantocynthia/.m2/repository/org/apache/httpcomponents/httpcore/4.4.4/httpcore-4.4.4.jar:/Users/roshantocynthia/.m2/repository/commons-logging/commons-logging/1.2/commons-logging-1.2.jar:/Users/roshantocynthia/.m2/repository/commons-codec/commons-codec/1.9/commons-codec-1.9.jar:/Users/roshantocynthia/.m2/repository/org/apache/httpcomponents/httpmime/4.5.2/httpmime-4.5.2.jar:/Users/roshantocynthia/.m2/repository/org/jsoup/jsoup/1.9.2/jsoup-1.9.2.jar:/Users/roshantocynthia/.m2/repository/com/relevantcodes/extentreports/2.41.2/extentreports-2.41.2.jar:/Users/roshantocynthia/.m2/repository/org/xerial/sqlite-jdbc/3.8.11.1/sqlite-jdbc-3.8.11.1.jar:/Users/roshantocynthia/.m2/repository/junit/junit/3.8.1/junit-3.8.1.jar:/Users/roshantocynthia/.m2/repository/org/seleniumhq/selenium/selenium-java/2.40.0/selenium-java-2.40.0.jar:/Users/roshantocynthia/.m2/repository/org/seleniumhq/selenium/selenium-chrome-driver/2.40.0/selenium-chrome-driver-2.40.0.jar:/Users/roshantocynthia/.m2/repository/org/seleniumhq/selenium/selenium-remote-driver/2.40.0/selenium-remote-driver-2.40.0.jar:/Users/roshantocynthia/.m2/repository/cglib/cglib-nodep/2.1_3/cglib-nodep-2.1_3.jar:/Users/roshantocynthia/.m2/repository/org/json/json/20080701/json-20080701.jar:/Users/roshantocynthia/.m2/repository/org/seleniumhq/selenium/selenium-htmlunit-driver/2.40.0/selenium-htmlunit-driver-2.40.0.jar:/Users/roshantocynthia/.m2/repository/net/sourceforge/htmlunit/htmlunit/2.13/htmlunit-2.13.jar:/Users/roshantocynthia/.m2/repository/xalan/xalan/2.7.1/xalan-2.7.1.jar:/Users/roshantocynthia/.m2/repository/xalan/serializer/2.7.1/serializer-2.7.1.jar:/Users/roshantocynthia/.m2/repository/commons-collections/commons-collections/3.2.1/commons-collections-3.2.1.jar:/Users/roshantocynthia/.m2/repository/org/apache/commons/commons-lang3/3.1/commons-lang3-3.1.jar:/Users/roshantocynthia/.m2/repository/net/sourceforge/htmlunit/htmlunit-core-js/2.13/htmlunit-core-js-2.13.jar:/Users/roshantocynthia/.m2/repository/xerces/xercesImpl/2.11.0/xercesImpl-2.11.0.jar:/Users/roshantocynthia/.m2/repository/xml-apis/xml-apis/1.4.01/xml-apis-1.4.01.jar:/Users/roshantocynthia/.m2/repository/net/sourceforge/nekohtml/nekohtml/1.9.19/nekohtml-1.9.19.jar:/Users/roshantocynthia/.m2/repository/net/sourceforge/cssparser/cssparser/0.9.11/cssparser-0.9.11.jar:/Users/roshantocynthia/.m2/repository/org/w3c/css/sac/1.3/sac-1.3.jar:/Users/roshantocynthia/.m2/repository/org/eclipse/jetty/jetty-websocket/8.1.12.v20130726/jetty-websocket-8.1.12.v20130726.jar:/Users/roshantocynthia/.m2/repository/org/eclipse/jetty/jetty-util/8.1.12.v20130726/jetty-util-8.1.12.v20130726.jar:/Users/roshantocynthia/.m2/repository/org/eclipse/jetty/jetty-io/8.1.12.v20130726/jetty-io-8.1.12.v20130726.jar:/Users/roshantocynthia/.m2/repository/org/eclipse/jetty/jetty-http/8.1.12.v20130726/jetty-http-8.1.12.v20130726.jar:/Users/roshantocynthia/.m2/repository/org/seleniumhq/selenium/selenium-firefox-driver/2.40.0/selenium-firefox-driver-2.40.0.jar:/Users/roshantocynthia/.m2/repository/commons-io/commons-io/2.2/commons-io-2.2.jar:/Users/roshantocynthia/.m2/repository/org/apache/commons/commons-exec/1.1/commons-exec-1.1.jar:/Users/roshantocynthia/.m2/repository/org/seleniumhq/selenium/selenium-ie-driver/2.40.0/selenium-ie-driver-2.40.0.jar:/Users/roshantocynthia/.m2/repository/net/java/dev/jna/jna/3.4.0/jna-3.4.0.jar:/Users/roshantocynthia/.m2/repository/net/java/dev/jna/platform/3.4.0/platform-3.4.0.jar:/Users/roshantocynthia/.m2/repository/org/seleniumhq/selenium/selenium-safari-driver/2.40.0/selenium-safari-driver-2.40.0.jar:/Users/roshantocynthia/.m2/repository/org/seleniumhq/selenium/selenium-support/2.40.0/selenium-support-2.40.0.jar:/Users/roshantocynthia/.m2/repository/org/seleniumhq/selenium/selenium-api/2.40.0/selenium-api-2.40.0.jar:/Users/roshantocynthia/.m2/repository/org/webbitserver/webbit/0.4.14/webbit-0.4.14.jar:/Users/roshantocynthia/.m2/repository/io/netty/netty/3.5.2.Final/netty-3.5.2.Final.jar:/Users/roshantocynthia/.m2/repository/org/apache/logging/log4j/log4j-api/2.8.2/log4j-api-2.8.2.jar:/Users/roshantocynthia/.m2/repository/org/apache/logging/log4j/log4j-core/2.8.2/log4j-core-2.8.2.jar:/Users/roshantocynthia/.m2/repository/org/testng/testng/7.1.0/testng-7.1.0.jar:/Users/roshantocynthia/.m2/repository/com/beust/jcommander/1.72/jcommander-1.72.jar:/Users/roshantocynthia/.m2/repository/com/google/inject/guice/4.1.0/guice-4.1.0-no_aop.jar:/Users/roshantocynthia/.m2/repository/javax/inject/javax.inject/1/javax.inject-1.jar:/Users/roshantocynthia/.m2/repository/aopalliance/aopalliance/1.0/aopalliance-1.0.jar:/Users/roshantocynthia/.m2/repository/com/google/guava/guava/19.0/guava-19.0.jar:/Users/roshantocynthia/.m2/repository/org/yaml/snakeyaml/1.21/snakeyaml-1.21.jar:"/>
    <property name="sun.cpu.endian" value="little"/>
    <property name="user.home" value="/Users/roshantocynthia"/>
    <property name="user.language" value="en"/>
    <property name="java.specification.vendor" value="Oracle Corporation"/>
    <property name="java.home" value="/Library/Java/JavaVirtualMachines/jdk1.8.0_151.jdk/Contents/Home/jre"/>
    <property name="basedir" value="/Users/roshantocynthia/WebAutomationFW"/>
    <property name="file.separator" value="/"/>
    <property name="line.separator" value="&#10;"/>
    <property name="java.vm.specification.vendor" value="Oracle Corporation"/>
    <property name="java.specification.name" value="Java Platform API Specification"/>
    <property name="java.awt.graphicsenv" value="sun.awt.CGraphicsEnvironment"/>
    <property name="surefire.real.class.path" value="/Users/roshantocynthia/WebAutomationFW/target/surefire/surefirebooter5344342797848173400.jar"/>
    <property name="sun.boot.class.path" value="/Library/Java/JavaVirtualMachines/jdk1.8.0_151.jdk/Contents/Home/jre/lib/resources.jar:/Library/Java/JavaVirtualMachines/jdk1.8.0_151.jdk/Contents/Home/jre/lib/rt.jar:/Library/Java/JavaVirtualMachines/jdk1.8.0_151.jdk/Contents/Home/jre/lib/sunrsasign.jar:/Library/Java/JavaVirtualMachines/jdk1.8.0_151.jdk/Contents/Home/jre/lib/jsse.jar:/Library/Java/JavaVirtualMachines/jdk1.8.0_151.jdk/Contents/Home/jre/lib/jce.jar:/Library/Java/JavaVirtualMachines/jdk1.8.0_151.jdk/Contents/Home/jre/lib/charsets.jar:/Library/Java/JavaVirtualMachines/jdk1.8.0_151.jdk/Contents/Home/jre/lib/jfr.jar:/Library/Java/JavaVirtualMachines/jdk1.8.0_151.jdk/Contents/Home/jre/classes"/>
    <property name="sun.management.compiler" value="HotSpot 64-Bit Tiered Compilers"/>
    <property name="ftp.nonProxyHosts" value="local|*.local|169.254/16|*.169.254/16"/>
    <property name="java.runtime.version" value="1.8.0_151-b12"/>
    <property name="user.name" value="roshantocynthia"/>
    <property name="path.separator" value=":"/>
    <property name="os.version" value="10.15.4"/>
    <property name="java.endorsed.dirs" value="/Library/Java/JavaVirtualMachines/jdk1.8.0_151.jdk/Contents/Home/jre/lib/endorsed"/>
    <property name="java.runtime.name" value="Java(TM) SE Runtime Environment"/>
    <property name="file.encoding" value="UTF-8"/>
    <property name="java.vm.name" value="Java HotSpot(TM) 64-Bit Server VM"/>
    <property name="localRepository" value="/Users/roshantocynthia/.m2/repository"/>
    <property name="java.vendor.url.bug" value="http://bugreport.sun.com/bugreport/"/>
    <property name="java.io.tmpdir" value="/var/folders/hk/3f0_j_p90c98880h9_xksm_c0000gn/T/"/>
    <property name="java.version" value="1.8.0_151"/>
    <property name="user.dir" value="/Users/roshantocynthia/WebAutomationFW"/>
    <property name="os.arch" value="x86_64"/>
    <property name="java.vm.specification.name" value="Java Virtual Machine Specification"/>
    <property name="java.awt.printerjob" value="sun.lwawt.macosx.CPrinterJob"/>
    <property name="sun.os.patch.level" value="unknown"/>
    <property name="java.library.path" value="/Users/roshantocynthia/Library/Java/Extensions:/Library/Java/Extensions:/Network/Library/Java/Extensions:/System/Library/Java/Extensions:/usr/lib/java:."/>
    <property name="java.vm.info" value="mixed mode"/>
    <property name="java.vendor" value="Oracle Corporation"/>
    <property name="java.vm.version" value="25.151-b12"/>
    <property name="java.ext.dirs" value="/Users/roshantocynthia/Library/Java/Extensions:/Library/Java/JavaVirtualMachines/jdk1.8.0_151.jdk/Contents/Home/jre/lib/ext:/Library/Java/Extensions:/Network/Library/Java/Extensions:/System/Library/Java/Extensions:/usr/lib/java"/>
    <property name="sun.io.unicode.encoding" value="UnicodeBig"/>
    <property name="java.class.version" value="52.0"/>
    <property name="socksNonProxyHosts" value="local|*.local|169.254/16|*.169.254/16"/>
  </properties>
  <testcase name="purchaseanItemEbay" classname="com.web.app.TC_002X_Item_Purchase_Ebay" time="1.37"/>
  <testcase name="purchaseanItemAmazon" classname="com.web.app.TC_001X_Item_Purchase_Amazon" time="3.138"/>
</testsuite>