<?xml version="1.0" encoding="UTF-8"?>
<!-- Generated by org.testng.reporters.JUnitReportReporter -->
<testsuite skipped="0" hostname="Roshans-MBP.lan" name="com.web.app.TC_001X_Item_Purchase_Amazon" tests="1" failures="0" timestamp="2020-04-18T22:46:13 AEST" time="5.847" errors="0">
  <testcase name="purchaseanItemAmazon" time="5.847" classname="com.web.app.TC_001X_Item_Purchase_Amazon"/>
  <system-out/>
</testsuite> <!-- com.web.app.TC_001X_Item_Purchase_Amazon -->
