<?xml version="1.0" encoding="UTF-8"?>
<!-- Generated by org.testng.reporters.JUnitReportReporter -->
<testsuite skipped="0" hostname="Roshans-MBP.lan" name="com.web.app.LoginAction" tests="1" failures="0" timestamp="2020-04-18T02:01:28 AEST" time="14.053" errors="0">
  <testcase name="amazonAppPurchase" time="14.053" classname="com.web.app.LoginAction"/>
  <system-out/>
</testsuite> <!-- com.web.app.LoginAction -->
