<?xml version="1.0" encoding="UTF-8"?>
<!-- Generated by org.testng.reporters.JUnitReportReporter -->
<testsuite skipped="0" hostname="Roshans-MBP.lan" name="com.web.app.BasicGridTest" tests="1" failures="0" timestamp="2020-04-19T01:55:44 AEST" time="4.534" errors="0">
  <testcase name="facebookLoginButtonClick" time="4.534" classname="com.web.app.BasicGridTest"/>
  <system-out/>
</testsuite> <!-- com.web.app.BasicGridTest -->
