<?xml version="1.0" encoding="UTF-8"?>
<!-- Generated by org.testng.reporters.JUnitReportReporter -->
<testsuite skipped="0" hostname="Roshans-MBP.lan" name="com.web.app.TC_001X_Item_Purchase_Amazon" tests="1" failures="0" timestamp="2020-04-19T00:17:24 AEST" time="9.473" errors="0">
  <testcase name="purchaseanItemeBay" time="9.473" classname="com.web.app.TC_001X_Item_Purchase_Amazon"/>
  <system-out/>
</testsuite> <!-- com.web.app.TC_001X_Item_Purchase_Amazon -->
