<?xml version="1.0" encoding="UTF-8"?>
<!-- Generated by org.testng.reporters.JUnitReportReporter -->
<testsuite skipped="0" hostname="Roshans-MBP.lan" name="com.web.app.TC_002X_Item_Purchase_Ebay" tests="1" failures="0" timestamp="2020-04-18T14:51:38 AEST" time="1.370" errors="0">
  <testcase name="purchaseanItemEbay" time="1.370" classname="com.web.app.TC_002X_Item_Purchase_Ebay"/>
  <system-out/>
</testsuite> <!-- com.web.app.TC_002X_Item_Purchase_Ebay -->
